[INFO] Scanning for projects...
[INFO] 
[INFO] -----------------------< com.morphoaid:backend >------------------------
[INFO] Building morphoaid-backend 0.0.1-SNAPSHOT
[INFO]   from pom.xml
[INFO] --------------------------------[ jar ]---------------------------------
[INFO] 
[INFO] >>> spring-boot:3.5.10:run (default-cli) > test-compile @ backend >>>
[INFO] 
[INFO] --- resources:3.3.1:resources (default-resources) @ backend ---
[INFO] Copying 1 resource from src\main\resources to target\classes
[INFO] Copying 0 resource from src\main\resources to target\classes
[INFO] 
[INFO] --- compiler:3.14.1:compile (default-compile) @ backend ---
[INFO] Nothing to compile - all classes are up to date.
[INFO] 
[INFO] --- resources:3.3.1:testResources (default-testResources) @ backend ---
[INFO] skip non existing resourceDirectory D:\Senior Project\for ai\backend\backend\src\test\resources
[INFO] 
[INFO] --- compiler:3.14.1:testCompile (default-testCompile) @ backend ---
[INFO] Nothing to compile - all classes are up to date.
[INFO] 
[INFO] <<< spring-boot:3.5.10:run (default-cli) < test-compile @ backend <<<
[INFO] 
[INFO] 
[INFO] --- spring-boot:3.5.10:run (default-cli) @ backend ---
[INFO] Attaching agents: []

  .   ____          _            __ _ _
 /\\ / ___'_ __ _ _(_)_ __  __ _ \ \ \ \
( ( )\___ | '_ | '_| | '_ \/ _` | \ \ \ \
 \\/  ___)| |_)| | | | | || (_| |  ) ) ) )
  '  |____| .__|_| |_|_| |_\__, | / / / /
 =========|_|==============|___/=/_/_/_/

 :: Spring Boot ::               (v3.5.10)

2026-02-23T18:14:37.189+07:00  INFO 512 --- [morphoaid-backend] [  restartedMain] c.m.backend.MorphoaidBackendApplication  : Starting MorphoaidBackendApplication using Java 21.0.6 with PID 512 (D:\Senior Project\for ai\backend\backend\target\classes started by seksa in D:\Senior Project\for ai\backend\backend)
2026-02-23T18:14:37.192+07:00  INFO 512 --- [morphoaid-backend] [  restartedMain] c.m.backend.MorphoaidBackendApplication  : No active profile set, falling back to 1 default profile: "default"
2026-02-23T18:14:37.225+07:00  INFO 512 --- [morphoaid-backend] [  restartedMain] .e.DevToolsPropertyDefaultsPostProcessor : Devtools property defaults active! Set 'spring.devtools.add-properties' to 'false' to disable
2026-02-23T18:14:37.225+07:00  INFO 512 --- [morphoaid-backend] [  restartedMain] .e.DevToolsPropertyDefaultsPostProcessor : For additional web related logging consider setting the 'logging.level.web' property to 'DEBUG'
2026-02-23T18:14:38.068+07:00  INFO 512 --- [morphoaid-backend] [  restartedMain] .s.d.r.c.RepositoryConfigurationDelegate : Bootstrapping Spring Data JPA repositories in DEFAULT mode.
2026-02-23T18:14:38.143+07:00  INFO 512 --- [morphoaid-backend] [  restartedMain] .s.d.r.c.RepositoryConfigurationDelegate : Finished Spring Data repository scanning in 66 ms. Found 4 JPA repository interfaces.
2026-02-23T18:14:38.743+07:00  INFO 512 --- [morphoaid-backend] [  restartedMain] o.s.b.w.embedded.tomcat.TomcatWebServer  : Tomcat initialized with port 8081 (http)
2026-02-23T18:14:38.752+07:00  INFO 512 --- [morphoaid-backend] [  restartedMain] o.apache.catalina.core.StandardService   : Starting service [Tomcat]
2026-02-23T18:14:38.752+07:00  INFO 512 --- [morphoaid-backend] [  restartedMain] o.apache.catalina.core.StandardEngine    : Starting Servlet engine: [Apache Tomcat/10.1.50]
2026-02-23T18:14:38.785+07:00  INFO 512 --- [morphoaid-backend] [  restartedMain] o.a.c.c.C.[Tomcat].[localhost].[/]       : Initializing Spring embedded WebApplicationContext
2026-02-23T18:14:38.786+07:00  INFO 512 --- [morphoaid-backend] [  restartedMain] w.s.c.ServletWebServerApplicationContext : Root WebApplicationContext: initialization completed in 1559 ms
2026-02-23T18:14:38.886+07:00 DEBUG 512 --- [morphoaid-backend] [  restartedMain] com.zaxxer.hikari.HikariConfig           : Class com.mysql.cj.jdbc.Driver found in Thread context class loader TomcatEmbeddedWebappClassLoader
  context: ROOT
  delegate: true
----------> Parent Classloader:
org.springframework.boot.devtools.restart.classloader.RestartClassLoader@2dd884f9

2026-02-23T18:14:38.945+07:00  INFO 512 --- [morphoaid-backend] [  restartedMain] o.hibernate.jpa.internal.util.LogHelper  : HHH000204: Processing PersistenceUnitInfo [name: default]
2026-02-23T18:14:38.976+07:00  INFO 512 --- [morphoaid-backend] [  restartedMain] org.hibernate.Version                    : HHH000412: Hibernate ORM core version 6.6.41.Final
2026-02-23T18:14:39.005+07:00  INFO 512 --- [morphoaid-backend] [  restartedMain] o.h.c.internal.RegionFactoryInitiator    : HHH000026: Second-level cache disabled
2026-02-23T18:14:39.211+07:00  INFO 512 --- [morphoaid-backend] [  restartedMain] o.s.o.j.p.SpringPersistenceUnitInfo      : No LoadTimeWeaver setup: ignoring JPA class transformer
2026-02-23T18:14:39.239+07:00 DEBUG 512 --- [morphoaid-backend] [  restartedMain] com.zaxxer.hikari.HikariConfig           : HikariPool-1 - configuration:
2026-02-23T18:14:39.242+07:00 DEBUG 512 --- [morphoaid-backend] [  restartedMain] com.zaxxer.hikari.HikariConfig           : allowPoolSuspension.............false
2026-02-23T18:14:39.242+07:00 DEBUG 512 --- [morphoaid-backend] [  restartedMain] com.zaxxer.hikari.HikariConfig           : autoCommit......................true
2026-02-23T18:14:39.242+07:00 DEBUG 512 --- [morphoaid-backend] [  restartedMain] com.zaxxer.hikari.HikariConfig           : catalog.........................none
2026-02-23T18:14:39.242+07:00 DEBUG 512 --- [morphoaid-backend] [  restartedMain] com.zaxxer.hikari.HikariConfig           : connectionInitSql...............none
2026-02-23T18:14:39.242+07:00 DEBUG 512 --- [morphoaid-backend] [  restartedMain] com.zaxxer.hikari.HikariConfig           : connectionTestQuery.............none
2026-02-23T18:14:39.243+07:00 DEBUG 512 --- [morphoaid-backend] [  restartedMain] com.zaxxer.hikari.HikariConfig           : connectionTimeout...............30000
2026-02-23T18:14:39.243+07:00 DEBUG 512 --- [morphoaid-backend] [  restartedMain] com.zaxxer.hikari.HikariConfig           : credentials.....................com.zaxxer.hikari.util.Credentials@1a478bdc
2026-02-23T18:14:39.243+07:00 DEBUG 512 --- [morphoaid-backend] [  restartedMain] com.zaxxer.hikari.HikariConfig           : dataSource......................none
2026-02-23T18:14:39.243+07:00 DEBUG 512 --- [morphoaid-backend] [  restartedMain] com.zaxxer.hikari.HikariConfig           : dataSourceClassName.............none
2026-02-23T18:14:39.243+07:00 DEBUG 512 --- [morphoaid-backend] [  restartedMain] com.zaxxer.hikari.HikariConfig           : dataSourceJNDI..................none
2026-02-23T18:14:39.244+07:00 DEBUG 512 --- [morphoaid-backend] [  restartedMain] com.zaxxer.hikari.HikariConfig           : dataSourceProperties............{password=<masked>}
2026-02-23T18:14:39.244+07:00 DEBUG 512 --- [morphoaid-backend] [  restartedMain] com.zaxxer.hikari.HikariConfig           : driverClassName................."com.mysql.cj.jdbc.Driver"
2026-02-23T18:14:39.244+07:00 DEBUG 512 --- [morphoaid-backend] [  restartedMain] com.zaxxer.hikari.HikariConfig           : exceptionOverride...............none
2026-02-23T18:14:39.244+07:00 DEBUG 512 --- [morphoaid-backend] [  restartedMain] com.zaxxer.hikari.HikariConfig           : exceptionOverrideClassName......none
2026-02-23T18:14:39.244+07:00 DEBUG 512 --- [morphoaid-backend] [  restartedMain] com.zaxxer.hikari.HikariConfig           : healthCheckProperties...........{}
2026-02-23T18:14:39.244+07:00 DEBUG 512 --- [morphoaid-backend] [  restartedMain] com.zaxxer.hikari.HikariConfig           : healthCheckRegistry.............none
2026-02-23T18:14:39.244+07:00 DEBUG 512 --- [morphoaid-backend] [  restartedMain] com.zaxxer.hikari.HikariConfig           : idleTimeout.....................600000
2026-02-23T18:14:39.244+07:00 DEBUG 512 --- [morphoaid-backend] [  restartedMain] com.zaxxer.hikari.HikariConfig           : initializationFailTimeout.......1
2026-02-23T18:14:39.245+07:00 DEBUG 512 --- [morphoaid-backend] [  restartedMain] com.zaxxer.hikari.HikariConfig           : isolateInternalQueries..........false
2026-02-23T18:14:39.245+07:00 DEBUG 512 --- [morphoaid-backend] [  restartedMain] com.zaxxer.hikari.HikariConfig           : jdbcUrl.........................jdbc:mysql://localhost:3306/morphoaid_db?createDatabaseIfNotExist=true&useSSL=false&allowPublicKeyRetrieval=true&serverTimezone=UTC
2026-02-23T18:14:39.245+07:00 DEBUG 512 --- [morphoaid-backend] [  restartedMain] com.zaxxer.hikari.HikariConfig           : keepaliveTime...................120000
2026-02-23T18:14:39.245+07:00 DEBUG 512 --- [morphoaid-backend] [  restartedMain] com.zaxxer.hikari.HikariConfig           : leakDetectionThreshold..........0
2026-02-23T18:14:39.245+07:00 DEBUG 512 --- [morphoaid-backend] [  restartedMain] com.zaxxer.hikari.HikariConfig           : maxLifetime.....................1800000
2026-02-23T18:14:39.245+07:00 DEBUG 512 --- [morphoaid-backend] [  restartedMain] com.zaxxer.hikari.HikariConfig           : maximumPoolSize.................10
2026-02-23T18:14:39.245+07:00 DEBUG 512 --- [morphoaid-backend] [  restartedMain] com.zaxxer.hikari.HikariConfig           : metricRegistry..................none
2026-02-23T18:14:39.245+07:00 DEBUG 512 --- [morphoaid-backend] [  restartedMain] com.zaxxer.hikari.HikariConfig           : metricsTrackerFactory...........none
2026-02-23T18:14:39.245+07:00 DEBUG 512 --- [morphoaid-backend] [  restartedMain] com.zaxxer.hikari.HikariConfig           : minimumIdle.....................10
2026-02-23T18:14:39.245+07:00 DEBUG 512 --- [morphoaid-backend] [  restartedMain] com.zaxxer.hikari.HikariConfig           : password........................<masked>
2026-02-23T18:14:39.246+07:00 DEBUG 512 --- [morphoaid-backend] [  restartedMain] com.zaxxer.hikari.HikariConfig           : poolName........................"HikariPool-1"
2026-02-23T18:14:39.246+07:00 DEBUG 512 --- [morphoaid-backend] [  restartedMain] com.zaxxer.hikari.HikariConfig           : readOnly........................false
2026-02-23T18:14:39.246+07:00 DEBUG 512 --- [morphoaid-backend] [  restartedMain] com.zaxxer.hikari.HikariConfig           : registerMbeans..................false
2026-02-23T18:14:39.246+07:00 DEBUG 512 --- [morphoaid-backend] [  restartedMain] com.zaxxer.hikari.HikariConfig           : scheduledExecutor...............none
2026-02-23T18:14:39.247+07:00 DEBUG 512 --- [morphoaid-backend] [  restartedMain] com.zaxxer.hikari.HikariConfig           : schema..........................none
2026-02-23T18:14:39.247+07:00 DEBUG 512 --- [morphoaid-backend] [  restartedMain] com.zaxxer.hikari.HikariConfig           : threadFactory...................internal
2026-02-23T18:14:39.247+07:00 DEBUG 512 --- [morphoaid-backend] [  restartedMain] com.zaxxer.hikari.HikariConfig           : transactionIsolation............default
2026-02-23T18:14:39.247+07:00 DEBUG 512 --- [morphoaid-backend] [  restartedMain] com.zaxxer.hikari.HikariConfig           : username........................"root"
2026-02-23T18:14:39.247+07:00 DEBUG 512 --- [morphoaid-backend] [  restartedMain] com.zaxxer.hikari.HikariConfig           : validationTimeout...............5000
2026-02-23T18:14:39.247+07:00  INFO 512 --- [morphoaid-backend] [  restartedMain] com.zaxxer.hikari.HikariDataSource       : HikariPool-1 - Starting...
2026-02-23T18:14:39.264+07:00 DEBUG 512 --- [morphoaid-backend] [  restartedMain] com.zaxxer.hikari.pool.PoolBase          : HikariPool-1 - Attempting to create/setup new connection (9e649066-2881-4599-8ec2-5f1035077b57)
2026-02-23T18:14:39.383+07:00 DEBUG 512 --- [morphoaid-backend] [  restartedMain] com.zaxxer.hikari.pool.PoolBase          : HikariPool-1 - Established new connection (9e649066-2881-4599-8ec2-5f1035077b57)
2026-02-23T18:14:39.384+07:00  INFO 512 --- [morphoaid-backend] [  restartedMain] com.zaxxer.hikari.pool.HikariPool        : HikariPool-1 - Added connection com.mysql.cj.jdbc.ConnectionImpl@186a2b75
2026-02-23T18:14:39.385+07:00  INFO 512 --- [morphoaid-backend] [  restartedMain] com.zaxxer.hikari.HikariDataSource       : HikariPool-1 - Start completed.
2026-02-23T18:14:39.393+07:00 DEBUG 512 --- [morphoaid-backend] [  restartedMain] o.h.e.j.e.i.JdbcEnvironmentInitiator     : Database ->
	   name : MySQL
	version : 8.0.42
	  major : 8
	  minor : 0
2026-02-23T18:14:39.394+07:00 DEBUG 512 --- [morphoaid-backend] [  restartedMain] o.h.e.j.e.i.JdbcEnvironmentInitiator     : Driver ->
	   name : MySQL Connector/J
	version : mysql-connector-j-9.5.0 (Revision: a7b3c94f50efbddb9f0dd69b3e0d1aaa25305cd6)
	  major : 9
	  minor : 5
2026-02-23T18:14:39.394+07:00 DEBUG 512 --- [morphoaid-backend] [  restartedMain] o.h.e.j.e.i.JdbcEnvironmentInitiator     : JDBC version : 4.2
2026-02-23T18:14:39.465+07:00  WARN 512 --- [morphoaid-backend] [  restartedMain] org.hibernate.orm.deprecation            : HHH90000025: MySQLDialect does not need to be specified explicitly using 'hibernate.dialect' (remove the property setting and it will be selected by default)
2026-02-23T18:14:39.479+07:00  INFO 512 --- [morphoaid-backend] [  restartedMain] org.hibernate.orm.connections.pooling    : HHH10001005: Database info:
	Database JDBC URL [Connecting through datasource 'HikariDataSource (HikariPool-1)']
	Database driver: undefined/unknown
	Database version: 8.0.42
	Autocommit mode: undefined/unknown
	Isolation level: undefined/unknown
	Minimum pool size: undefined/unknown
	Maximum pool size: undefined/unknown
2026-02-23T18:14:39.488+07:00 DEBUG 512 --- [morphoaid-backend] [l-1:housekeeper] com.zaxxer.hikari.pool.HikariPool        : HikariPool-1 - Pool stats (total=1/10, idle=1/10, active=0, waiting=0)
2026-02-23T18:14:39.489+07:00 DEBUG 512 --- [morphoaid-backend] [onnection-adder] com.zaxxer.hikari.pool.PoolBase          : HikariPool-1 - Attempting to create/setup new connection (ed7f0a84-197e-4be5-ada5-53756993c106)
2026-02-23T18:14:39.492+07:00 DEBUG 512 --- [morphoaid-backend] [onnection-adder] com.zaxxer.hikari.pool.PoolBase          : HikariPool-1 - Established new connection (ed7f0a84-197e-4be5-ada5-53756993c106)
2026-02-23T18:14:39.493+07:00 DEBUG 512 --- [morphoaid-backend] [onnection-adder] com.zaxxer.hikari.pool.HikariPool        : HikariPool-1 - Added connection com.mysql.cj.jdbc.ConnectionImpl@2e817df6
2026-02-23T18:14:39.535+07:00 DEBUG 512 --- [morphoaid-backend] [onnection-adder] com.zaxxer.hikari.pool.HikariPool        : HikariPool-1 - After adding stats (total=2/10, idle=2/10, active=0, waiting=0)
2026-02-23T18:14:39.535+07:00 DEBUG 512 --- [morphoaid-backend] [onnection-adder] com.zaxxer.hikari.pool.PoolBase          : HikariPool-1 - Attempting to create/setup new connection (77b92fae-2343-46d1-b5fa-32e32f203a35)
2026-02-23T18:14:39.539+07:00 DEBUG 512 --- [morphoaid-backend] [onnection-adder] com.zaxxer.hikari.pool.PoolBase          : HikariPool-1 - Established new connection (77b92fae-2343-46d1-b5fa-32e32f203a35)
2026-02-23T18:14:39.539+07:00 DEBUG 512 --- [morphoaid-backend] [onnection-adder] com.zaxxer.hikari.pool.HikariPool        : HikariPool-1 - Added connection com.mysql.cj.jdbc.ConnectionImpl@7bd26753
2026-02-23T18:14:39.582+07:00 DEBUG 512 --- [morphoaid-backend] [onnection-adder] com.zaxxer.hikari.pool.HikariPool        : HikariPool-1 - After adding stats (total=3/10, idle=3/10, active=0, waiting=0)
2026-02-23T18:14:39.582+07:00 DEBUG 512 --- [morphoaid-backend] [onnection-adder] com.zaxxer.hikari.pool.PoolBase          : HikariPool-1 - Attempting to create/setup new connection (ed59a373-82e7-4c82-838d-beeab3b322fd)
2026-02-23T18:14:39.604+07:00 DEBUG 512 --- [morphoaid-backend] [onnection-adder] com.zaxxer.hikari.pool.PoolBase          : HikariPool-1 - Established new connection (ed59a373-82e7-4c82-838d-beeab3b322fd)
2026-02-23T18:14:39.604+07:00 DEBUG 512 --- [morphoaid-backend] [onnection-adder] com.zaxxer.hikari.pool.HikariPool        : HikariPool-1 - Added connection com.mysql.cj.jdbc.ConnectionImpl@31d9533
2026-02-23T18:14:39.645+07:00 DEBUG 512 --- [morphoaid-backend] [onnection-adder] com.zaxxer.hikari.pool.HikariPool        : HikariPool-1 - After adding stats (total=4/10, idle=4/10, active=0, waiting=0)
2026-02-23T18:14:39.645+07:00 DEBUG 512 --- [morphoaid-backend] [onnection-adder] com.zaxxer.hikari.pool.PoolBase          : HikariPool-1 - Attempting to create/setup new connection (11f8b2aa-dfa9-4245-bf2e-3a5eabca2554)
2026-02-23T18:14:39.649+07:00 DEBUG 512 --- [morphoaid-backend] [onnection-adder] com.zaxxer.hikari.pool.PoolBase          : HikariPool-1 - Established new connection (11f8b2aa-dfa9-4245-bf2e-3a5eabca2554)
2026-02-23T18:14:39.649+07:00 DEBUG 512 --- [morphoaid-backend] [onnection-adder] com.zaxxer.hikari.pool.HikariPool        : HikariPool-1 - Added connection com.mysql.cj.jdbc.ConnectionImpl@67138edc
2026-02-23T18:14:39.690+07:00 DEBUG 512 --- [morphoaid-backend] [onnection-adder] com.zaxxer.hikari.pool.HikariPool        : HikariPool-1 - After adding stats (total=5/10, idle=5/10, active=0, waiting=0)
2026-02-23T18:14:39.691+07:00 DEBUG 512 --- [morphoaid-backend] [onnection-adder] com.zaxxer.hikari.pool.PoolBase          : HikariPool-1 - Attempting to create/setup new connection (980521a7-4c76-4bf8-b6df-70fc5a256798)
2026-02-23T18:14:39.696+07:00 DEBUG 512 --- [morphoaid-backend] [onnection-adder] com.zaxxer.hikari.pool.PoolBase          : HikariPool-1 - Established new connection (980521a7-4c76-4bf8-b6df-70fc5a256798)
2026-02-23T18:14:39.696+07:00 DEBUG 512 --- [morphoaid-backend] [onnection-adder] com.zaxxer.hikari.pool.HikariPool        : HikariPool-1 - Added connection com.mysql.cj.jdbc.ConnectionImpl@18193fb1
2026-02-23T18:14:39.736+07:00 DEBUG 512 --- [morphoaid-backend] [onnection-adder] com.zaxxer.hikari.pool.HikariPool        : HikariPool-1 - After adding stats (total=6/10, idle=6/10, active=0, waiting=0)
2026-02-23T18:14:39.736+07:00 DEBUG 512 --- [morphoaid-backend] [onnection-adder] com.zaxxer.hikari.pool.PoolBase          : HikariPool-1 - Attempting to create/setup new connection (5adc8917-7566-4c3f-923b-09f67935c0dc)
2026-02-23T18:14:39.741+07:00 DEBUG 512 --- [morphoaid-backend] [onnection-adder] com.zaxxer.hikari.pool.PoolBase          : HikariPool-1 - Established new connection (5adc8917-7566-4c3f-923b-09f67935c0dc)
2026-02-23T18:14:39.741+07:00 DEBUG 512 --- [morphoaid-backend] [onnection-adder] com.zaxxer.hikari.pool.HikariPool        : HikariPool-1 - Added connection com.mysql.cj.jdbc.ConnectionImpl@70c37961
2026-02-23T18:14:39.784+07:00 DEBUG 512 --- [morphoaid-backend] [onnection-adder] com.zaxxer.hikari.pool.HikariPool        : HikariPool-1 - After adding stats (total=7/10, idle=7/10, active=0, waiting=0)
2026-02-23T18:14:39.785+07:00 DEBUG 512 --- [morphoaid-backend] [onnection-adder] com.zaxxer.hikari.pool.PoolBase          : HikariPool-1 - Attempting to create/setup new connection (6f129d9e-d9af-4385-bcd3-c3a79ef622cf)
2026-02-23T18:14:39.791+07:00 DEBUG 512 --- [morphoaid-backend] [onnection-adder] com.zaxxer.hikari.pool.PoolBase          : HikariPool-1 - Established new connection (6f129d9e-d9af-4385-bcd3-c3a79ef622cf)
2026-02-23T18:14:39.791+07:00 DEBUG 512 --- [morphoaid-backend] [onnection-adder] com.zaxxer.hikari.pool.HikariPool        : HikariPool-1 - Added connection com.mysql.cj.jdbc.ConnectionImpl@429417cc
2026-02-23T18:14:39.829+07:00 DEBUG 512 --- [morphoaid-backend] [onnection-adder] com.zaxxer.hikari.pool.HikariPool        : HikariPool-1 - After adding stats (total=8/10, idle=8/10, active=0, waiting=0)
2026-02-23T18:14:39.829+07:00 DEBUG 512 --- [morphoaid-backend] [onnection-adder] com.zaxxer.hikari.pool.PoolBase          : HikariPool-1 - Attempting to create/setup new connection (4afb0444-7864-4e12-8e30-5254414e49f4)
2026-02-23T18:14:39.832+07:00 DEBUG 512 --- [morphoaid-backend] [onnection-adder] com.zaxxer.hikari.pool.PoolBase          : HikariPool-1 - Established new connection (4afb0444-7864-4e12-8e30-5254414e49f4)
2026-02-23T18:14:39.832+07:00 DEBUG 512 --- [morphoaid-backend] [onnection-adder] com.zaxxer.hikari.pool.HikariPool        : HikariPool-1 - Added connection com.mysql.cj.jdbc.ConnectionImpl@49570153
2026-02-23T18:14:39.877+07:00 DEBUG 512 --- [morphoaid-backend] [onnection-adder] com.zaxxer.hikari.pool.HikariPool        : HikariPool-1 - After adding stats (total=9/10, idle=9/10, active=0, waiting=0)
2026-02-23T18:14:39.877+07:00 DEBUG 512 --- [morphoaid-backend] [onnection-adder] com.zaxxer.hikari.pool.PoolBase          : HikariPool-1 - Attempting to create/setup new connection (5cc86078-7ff7-4c05-9a30-dc045285b741)
2026-02-23T18:14:39.899+07:00 DEBUG 512 --- [morphoaid-backend] [onnection-adder] com.zaxxer.hikari.pool.PoolBase          : HikariPool-1 - Established new connection (5cc86078-7ff7-4c05-9a30-dc045285b741)
2026-02-23T18:14:39.899+07:00 DEBUG 512 --- [morphoaid-backend] [onnection-adder] com.zaxxer.hikari.pool.HikariPool        : HikariPool-1 - Added connection com.mysql.cj.jdbc.ConnectionImpl@3212fdc1
2026-02-23T18:14:39.939+07:00 DEBUG 512 --- [morphoaid-backend] [onnection-adder] com.zaxxer.hikari.pool.HikariPool        : HikariPool-1 - After adding stats (total=10/10, idle=10/10, active=0, waiting=0)
2026-02-23T18:14:40.220+07:00  INFO 512 --- [morphoaid-backend] [  restartedMain] o.h.e.t.j.p.i.JtaPlatformInitiator       : HHH000489: No JTA platform available (set 'hibernate.transaction.jta.platform' to enable JTA platform integration)
2026-02-23T18:14:40.292+07:00  INFO 512 --- [morphoaid-backend] [  restartedMain] j.LocalContainerEntityManagerFactoryBean : Initialized JPA EntityManagerFactory for persistence unit 'default'
2026-02-23T18:14:40.535+07:00 DEBUG 512 --- [morphoaid-backend] [  restartedMain] o.s.w.f.ServerHttpObservationFilter      : Filter 'webMvcObservationFilter' configured for use
2026-02-23T18:14:40.904+07:00  WARN 512 --- [morphoaid-backend] [  restartedMain] JpaBaseConfiguration$JpaWebConfiguration : spring.jpa.open-in-view is enabled by default. Therefore, database queries may be performed during view rendering. Explicitly configure spring.jpa.open-in-view to disable this warning
2026-02-23T18:14:40.955+07:00  INFO 512 --- [morphoaid-backend] [  restartedMain] r$InitializeUserDetailsManagerConfigurer : Global AuthenticationManager configured with UserDetailsService bean with name userDetailsServiceImpl
2026-02-23T18:14:41.065+07:00 DEBUG 512 --- [morphoaid-backend] [  restartedMain] s.w.s.m.m.a.RequestMappingHandlerMapping : 15 mappings in 'requestMappingHandlerMapping'
2026-02-23T18:14:41.112+07:00 DEBUG 512 --- [morphoaid-backend] [  restartedMain] o.s.w.s.handler.SimpleUrlHandlerMapping  : Patterns [/webjars/**, /**] in 'resourceHandlerMapping'
2026-02-23T18:14:41.225+07:00  INFO 512 --- [morphoaid-backend] [  restartedMain] o.s.b.a.e.web.EndpointLinksResolver      : Exposing 1 endpoint beneath base path '/actuator'
2026-02-23T18:14:41.343+07:00 DEBUG 512 --- [morphoaid-backend] [  restartedMain] s.w.s.m.m.a.RequestMappingHandlerAdapter : ControllerAdvice beans: 0 @ModelAttribute, 0 @InitBinder, 1 RequestBodyAdvice, 1 ResponseBodyAdvice
2026-02-23T18:14:41.385+07:00 DEBUG 512 --- [morphoaid-backend] [  restartedMain] .m.m.a.ExceptionHandlerExceptionResolver : ControllerAdvice beans: 1 @ExceptionHandler, 1 ResponseBodyAdvice
2026-02-23T18:14:41.553+07:00  INFO 512 --- [morphoaid-backend] [  restartedMain] o.s.b.d.a.OptionalLiveReloadServer       : LiveReload server is running on port 35729
2026-02-23T18:14:41.617+07:00  INFO 512 --- [morphoaid-backend] [  restartedMain] o.s.b.w.embedded.tomcat.TomcatWebServer  : Tomcat started on port 8081 (http) with context path '/'
2026-02-23T18:14:41.623+07:00  INFO 512 --- [morphoaid-backend] [  restartedMain] c.m.backend.MorphoaidBackendApplication  : Started MorphoaidBackendApplication in 4.795 seconds (process running for 5.078)
Hibernate: 
    select
        u1_0.id,
        u1_0.created_at,
        u1_0.email,
        u1_0.first_name,
        u1_0.full_name,
        u1_0.last_name,
        u1_0.organization,
        u1_0.password,
        u1_0.role,
        u1_0.updated_at,
        u1_0.username 
    from
        users u1_0 
    where
        u1_0.email=?
Hibernate: 
    insert 
    into
        users
        (created_at, email, first_name, full_name, last_name, organization, password, role, updated_at, username) 
    values
        (?, ?, ?, ?, ?, ?, ?, ?, ?, ?)
2026-02-23T18:14:42.192+07:00  WARN 512 --- [morphoaid-backend] [  restartedMain] o.h.engine.jdbc.spi.SqlExceptionHelper   : SQL Error: 1048, SQLState: 23000
2026-02-23T18:14:42.192+07:00 ERROR 512 --- [morphoaid-backend] [  restartedMain] o.h.engine.jdbc.spi.SqlExceptionHelper   : Column 'username' cannot be null
2026-02-23T18:14:42.199+07:00  INFO 512 --- [morphoaid-backend] [  restartedMain] .s.b.a.l.ConditionEvaluationReportLogger : 

Error starting ApplicationContext. To display the condition evaluation report re-run your application with 'debug' enabled.
2026-02-23T18:14:42.210+07:00 ERROR 512 --- [morphoaid-backend] [  restartedMain] o.s.boot.SpringApplication               : Application run failed

org.springframework.dao.DataIntegrityViolationException: could not execute statement [Column 'username' cannot be null] [insert into users (created_at,email,first_name,full_name,last_name,organization,password,role,updated_at,username) values (?,?,?,?,?,?,?,?,?,?)]; SQL [insert into users (created_at,email,first_name,full_name,last_name,organization,password,role,updated_at,username) values (?,?,?,?,?,?,?,?,?,?)]; constraint [null]
	at org.springframework.orm.jpa.vendor.HibernateJpaDialect.convertHibernateAccessException(HibernateJpaDialect.java:294) ~[spring-orm-6.2.15.jar:6.2.15]
	at org.springframework.orm.jpa.vendor.HibernateJpaDialect.convertHibernateAccessException(HibernateJpaDialect.java:256) ~[spring-orm-6.2.15.jar:6.2.15]
	at org.springframework.orm.jpa.vendor.HibernateJpaDialect.translateExceptionIfPossible(HibernateJpaDialect.java:241) ~[spring-orm-6.2.15.jar:6.2.15]
	at org.springframework.orm.jpa.AbstractEntityManagerFactoryBean.translateExceptionIfPossible(AbstractEntityManagerFactoryBean.java:560) ~[spring-orm-6.2.15.jar:6.2.15]
	at org.springframework.dao.support.ChainedPersistenceExceptionTranslator.translateExceptionIfPossible(ChainedPersistenceExceptionTranslator.java:61) ~[spring-tx-6.2.15.jar:6.2.15]
	at org.springframework.dao.support.DataAccessUtils.translateIfNecessary(DataAccessUtils.java:343) ~[spring-tx-6.2.15.jar:6.2.15]
	at org.springframework.dao.support.PersistenceExceptionTranslationInterceptor.invoke(PersistenceExceptionTranslationInterceptor.java:160) ~[spring-tx-6.2.15.jar:6.2.15]
	at org.springframework.aop.framework.ReflectiveMethodInvocation.proceed(ReflectiveMethodInvocation.java:184) ~[spring-aop-6.2.15.jar:6.2.15]
	at org.springframework.data.jpa.repository.support.CrudMethodMetadataPostProcessor$CrudMethodMetadataPopulatingMethodInterceptor.invoke(CrudMethodMetadataPostProcessor.java:165) ~[spring-data-jpa-3.5.8.jar:3.5.8]
	at org.springframework.aop.framework.ReflectiveMethodInvocation.proceed(ReflectiveMethodInvocation.java:184) ~[spring-aop-6.2.15.jar:6.2.15]
	at org.springframework.aop.framework.JdkDynamicAopProxy.invoke(JdkDynamicAopProxy.java:223) ~[spring-aop-6.2.15.jar:6.2.15]
	at jdk.proxy4/jdk.proxy4.$Proxy153.save(Unknown Source) ~[na:na]
	at com.morphoaid.backend.config.DevDataSeeder.run(DevDataSeeder.java:55) ~[classes/:na]
	at org.springframework.boot.SpringApplication.lambda$callRunner$5(SpringApplication.java:788) ~[spring-boot-3.5.10.jar:3.5.10]
	at org.springframework.util.function.ThrowingConsumer$1.acceptWithException(ThrowingConsumer.java:82) ~[spring-core-6.2.15.jar:6.2.15]
	at org.springframework.util.function.ThrowingConsumer.accept(ThrowingConsumer.java:60) ~[spring-core-6.2.15.jar:6.2.15]
	at org.springframework.util.function.ThrowingConsumer$1.accept(ThrowingConsumer.java:86) ~[spring-core-6.2.15.jar:6.2.15]
	at org.springframework.boot.SpringApplication.callRunner(SpringApplication.java:796) ~[spring-boot-3.5.10.jar:3.5.10]
	at org.springframework.boot.SpringApplication.callRunner(SpringApplication.java:787) ~[spring-boot-3.5.10.jar:3.5.10]
	at org.springframework.boot.SpringApplication.lambda$callRunners$3(SpringApplication.java:772) ~[spring-boot-3.5.10.jar:3.5.10]
	at java.base/java.util.stream.ForEachOps$ForEachOp$OfRef.accept(ForEachOps.java:184) ~[na:na]
	at java.base/java.util.stream.SortedOps$SizedRefSortingSink.end(SortedOps.java:357) ~[na:na]
	at java.base/java.util.stream.AbstractPipeline.copyInto(AbstractPipeline.java:510) ~[na:na]
	at java.base/java.util.stream.AbstractPipeline.wrapAndCopyInto(AbstractPipeline.java:499) ~[na:na]
	at java.base/java.util.stream.ForEachOps$ForEachOp.evaluateSequential(ForEachOps.java:151) ~[na:na]
	at java.base/java.util.stream.ForEachOps$ForEachOp$OfRef.evaluateSequential(ForEachOps.java:174) ~[na:na]
	at java.base/java.util.stream.AbstractPipeline.evaluate(AbstractPipeline.java:234) ~[na:na]
	at java.base/java.util.stream.ReferencePipeline.forEach(ReferencePipeline.java:596) ~[na:na]
	at org.springframework.boot.SpringApplication.callRunners(SpringApplication.java:772) ~[spring-boot-3.5.10.jar:3.5.10]
	at org.springframework.boot.SpringApplication.run(SpringApplication.java:325) ~[spring-boot-3.5.10.jar:3.5.10]
	at org.springframework.boot.SpringApplication.run(SpringApplication.java:1361) ~[spring-boot-3.5.10.jar:3.5.10]
	at org.springframework.boot.SpringApplication.run(SpringApplication.java:1350) ~[spring-boot-3.5.10.jar:3.5.10]
	at com.morphoaid.backend.MorphoaidBackendApplication.main(MorphoaidBackendApplication.java:12) ~[classes/:na]
	at java.base/jdk.internal.reflect.DirectMethodHandleAccessor.invoke(DirectMethodHandleAccessor.java:103) ~[na:na]
	at java.base/java.lang.reflect.Method.invoke(Method.java:580) ~[na:na]
	at org.springframework.boot.devtools.restart.RestartLauncher.run(RestartLauncher.java:50) ~[spring-boot-devtools-3.5.10.jar:3.5.10]
Caused by: org.hibernate.exception.ConstraintViolationException: could not execute statement [Column 'username' cannot be null] [insert into users (created_at,email,first_name,full_name,last_name,organization,password,role,updated_at,username) values (?,?,?,?,?,?,?,?,?,?)]
	at org.hibernate.exception.internal.SQLExceptionTypeDelegate.convert(SQLExceptionTypeDelegate.java:62) ~[hibernate-core-6.6.41.Final.jar:6.6.41.Final]
	at org.hibernate.exception.internal.StandardSQLExceptionConverter.convert(StandardSQLExceptionConverter.java:58) ~[hibernate-core-6.6.41.Final.jar:6.6.41.Final]
	at org.hibernate.engine.jdbc.spi.SqlExceptionHelper.convert(SqlExceptionHelper.java:108) ~[hibernate-core-6.6.41.Final.jar:6.6.41.Final]
	at org.hibernate.engine.jdbc.internal.ResultSetReturnImpl.executeUpdate(ResultSetReturnImpl.java:197) ~[hibernate-core-6.6.41.Final.jar:6.6.41.Final]
	at org.hibernate.id.insert.GetGeneratedKeysDelegate.performMutation(GetGeneratedKeysDelegate.java:116) ~[hibernate-core-6.6.41.Final.jar:6.6.41.Final]
	at org.hibernate.engine.jdbc.mutation.internal.MutationExecutorSingleNonBatched.performNonBatchedOperations(MutationExecutorSingleNonBatched.java:47) ~[hibernate-core-6.6.41.Final.jar:6.6.41.Final]
	at org.hibernate.engine.jdbc.mutation.internal.AbstractMutationExecutor.execute(AbstractMutationExecutor.java:55) ~[hibernate-core-6.6.41.Final.jar:6.6.41.Final]
	at org.hibernate.persister.entity.mutation.InsertCoordinatorStandard.doStaticInserts(InsertCoordinatorStandard.java:194) ~[hibernate-core-6.6.41.Final.jar:6.6.41.Final]
	at org.hibernate.persister.entity.mutation.InsertCoordinatorStandard.coordinateInsert(InsertCoordinatorStandard.java:132) ~[hibernate-core-6.6.41.Final.jar:6.6.41.Final]
	at org.hibernate.persister.entity.mutation.InsertCoordinatorStandard.insert(InsertCoordinatorStandard.java:95) ~[hibernate-core-6.6.41.Final.jar:6.6.41.Final]
	at org.hibernate.action.internal.EntityIdentityInsertAction.execute(EntityIdentityInsertAction.java:85) ~[hibernate-core-6.6.41.Final.jar:6.6.41.Final]
	at org.hibernate.engine.spi.ActionQueue.execute(ActionQueue.java:682) ~[hibernate-core-6.6.41.Final.jar:6.6.41.Final]
	at org.hibernate.engine.spi.ActionQueue.addResolvedEntityInsertAction(ActionQueue.java:293) ~[hibernate-core-6.6.41.Final.jar:6.6.41.Final]
	at org.hibernate.engine.spi.ActionQueue.addInsertAction(ActionQueue.java:274) ~[hibernate-core-6.6.41.Final.jar:6.6.41.Final]
	at org.hibernate.engine.spi.ActionQueue.addAction(ActionQueue.java:324) ~[hibernate-core-6.6.41.Final.jar:6.6.41.Final]
	at org.hibernate.event.internal.AbstractSaveEventListener.addInsertAction(AbstractSaveEventListener.java:394) ~[hibernate-core-6.6.41.Final.jar:6.6.41.Final]
	at org.hibernate.event.internal.AbstractSaveEventListener.performSaveOrReplicate(AbstractSaveEventListener.java:308) ~[hibernate-core-6.6.41.Final.jar:6.6.41.Final]
	at org.hibernate.event.internal.AbstractSaveEventListener.performSave(AbstractSaveEventListener.java:224) ~[hibernate-core-6.6.41.Final.jar:6.6.41.Final]
	at org.hibernate.event.internal.AbstractSaveEventListener.saveWithGeneratedId(AbstractSaveEventListener.java:136) ~[hibernate-core-6.6.41.Final.jar:6.6.41.Final]
	at org.hibernate.event.internal.DefaultPersistEventListener.entityIsTransient(DefaultPersistEventListener.java:177) ~[hibernate-core-6.6.41.Final.jar:6.6.41.Final]
	at org.hibernate.event.internal.DefaultPersistEventListener.persist(DefaultPersistEventListener.java:95) ~[hibernate-core-6.6.41.Final.jar:6.6.41.Final]
	at org.hibernate.event.internal.DefaultPersistEventListener.onPersist(DefaultPersistEventListener.java:79) ~[hibernate-core-6.6.41.Final.jar:6.6.41.Final]
	at org.hibernate.event.internal.DefaultPersistEventListener.onPersist(DefaultPersistEventListener.java:55) ~[hibernate-core-6.6.41.Final.jar:6.6.41.Final]
	at org.hibernate.event.service.internal.EventListenerGroupImpl.fireEventOnEachListener(EventListenerGroupImpl.java:127) ~[hibernate-core-6.6.41.Final.jar:6.6.41.Final]
	at org.hibernate.internal.SessionImpl.firePersist(SessionImpl.java:761) ~[hibernate-core-6.6.41.Final.jar:6.6.41.Final]
	at org.hibernate.internal.SessionImpl.persist(SessionImpl.java:745) ~[hibernate-core-6.6.41.Final.jar:6.6.41.Final]
	at java.base/jdk.internal.reflect.DirectMethodHandleAccessor.invoke(DirectMethodHandleAccessor.java:103) ~[na:na]
	at java.base/java.lang.reflect.Method.invoke(Method.java:580) ~[na:na]
	at org.springframework.orm.jpa.SharedEntityManagerCreator$SharedEntityManagerInvocationHandler.invoke(SharedEntityManagerCreator.java:320) ~[spring-orm-6.2.15.jar:6.2.15]
	at jdk.proxy4/jdk.proxy4.$Proxy149.persist(Unknown Source) ~[na:na]
	at org.springframework.data.jpa.repository.support.SimpleJpaRepository.save(SimpleJpaRepository.java:654) ~[spring-data-jpa-3.5.8.jar:3.5.8]
	at java.base/jdk.internal.reflect.DirectMethodHandleAccessor.invoke(DirectMethodHandleAccessor.java:103) ~[na:na]
	at java.base/java.lang.reflect.Method.invoke(Method.java:580) ~[na:na]
	at org.springframework.aop.support.AopUtils.invokeJoinpointUsingReflection(AopUtils.java:360) ~[spring-aop-6.2.15.jar:6.2.15]
	at org.springframework.data.repository.core.support.RepositoryMethodInvoker$RepositoryFragmentMethodInvoker.lambda$new$0(RepositoryMethodInvoker.java:277) ~[spring-data-commons-3.5.8.jar:3.5.8]
	at org.springframework.data.repository.core.support.RepositoryMethodInvoker.doInvoke(RepositoryMethodInvoker.java:170) ~[spring-data-commons-3.5.8.jar:3.5.8]
	at org.springframework.data.repository.core.support.RepositoryMethodInvoker.invoke(RepositoryMethodInvoker.java:158) ~[spring-data-commons-3.5.8.jar:3.5.8]
	at org.springframework.data.repository.core.support.RepositoryComposition$RepositoryFragments.invoke(RepositoryComposition.java:515) ~[spring-data-commons-3.5.8.jar:3.5.8]
	at org.springframework.data.repository.core.support.RepositoryComposition.invoke(RepositoryComposition.java:284) ~[spring-data-commons-3.5.8.jar:3.5.8]
	at org.springframework.data.repository.core.support.RepositoryFactorySupport$ImplementationMethodExecutionInterceptor.invoke(RepositoryFactorySupport.java:720) ~[spring-data-commons-3.5.8.jar:3.5.8]
	at org.springframework.aop.framework.ReflectiveMethodInvocation.proceed(ReflectiveMethodInvocation.java:184) ~[spring-aop-6.2.15.jar:6.2.15]
	at org.springframework.data.repository.core.support.QueryExecutorMethodInterceptor.doInvoke(QueryExecutorMethodInterceptor.java:174) ~[spring-data-commons-3.5.8.jar:3.5.8]
	at org.springframework.data.repository.core.support.QueryExecutorMethodInterceptor.invoke(QueryExecutorMethodInterceptor.java:149) ~[spring-data-commons-3.5.8.jar:3.5.8]
	at org.springframework.aop.framework.ReflectiveMethodInvocation.proceed(ReflectiveMethodInvocation.java:184) ~[spring-aop-6.2.15.jar:6.2.15]
	at org.springframework.data.projection.DefaultMethodInvokingMethodInterceptor.invoke(DefaultMethodInvokingMethodInterceptor.java:69) ~[spring-data-commons-3.5.8.jar:3.5.8]
	at org.springframework.aop.framework.ReflectiveMethodInvocation.proceed(ReflectiveMethodInvocation.java:184) ~[spring-aop-6.2.15.jar:6.2.15]
	at org.springframework.transaction.interceptor.TransactionAspectSupport.invokeWithinTransaction(TransactionAspectSupport.java:380) ~[spring-tx-6.2.15.jar:6.2.15]
	at org.springframework.transaction.interceptor.TransactionInterceptor.invoke(TransactionInterceptor.java:119) ~[spring-tx-6.2.15.jar:6.2.15]
	at org.springframework.aop.framework.ReflectiveMethodInvocation.proceed(ReflectiveMethodInvocation.java:184) ~[spring-aop-6.2.15.jar:6.2.15]
	at org.springframework.dao.support.PersistenceExceptionTranslationInterceptor.invoke(PersistenceExceptionTranslationInterceptor.java:138) ~[spring-tx-6.2.15.jar:6.2.15]
	... 29 common frames omitted
Caused by: java.sql.SQLIntegrityConstraintViolationException: Column 'username' cannot be null
	at com.mysql.cj.jdbc.exceptions.SQLError.createSQLException(SQLError.java:109) ~[mysql-connector-j-9.5.0.jar:9.5.0]
	at com.mysql.cj.jdbc.exceptions.SQLExceptionsMapping.translateException(SQLExceptionsMapping.java:114) ~[mysql-connector-j-9.5.0.jar:9.5.0]
	at com.mysql.cj.jdbc.ClientPreparedStatement.executeInternal(ClientPreparedStatement.java:988) ~[mysql-connector-j-9.5.0.jar:9.5.0]
	at com.mysql.cj.jdbc.ClientPreparedStatement.executeUpdateInternal(ClientPreparedStatement.java:1166) ~[mysql-connector-j-9.5.0.jar:9.5.0]
	at com.mysql.cj.jdbc.ClientPreparedStatement.executeUpdateInternal(ClientPreparedStatement.java:1101) ~[mysql-connector-j-9.5.0.jar:9.5.0]
	at com.mysql.cj.jdbc.ClientPreparedStatement.executeLargeUpdate(ClientPreparedStatement.java:1448) ~[mysql-connector-j-9.5.0.jar:9.5.0]
	at com.mysql.cj.jdbc.ClientPreparedStatement.executeUpdate(ClientPreparedStatement.java:1084) ~[mysql-connector-j-9.5.0.jar:9.5.0]
	at com.zaxxer.hikari.pool.ProxyPreparedStatement.executeUpdate(ProxyPreparedStatement.java:61) ~[HikariCP-6.3.3.jar:na]
	at com.zaxxer.hikari.pool.HikariProxyPreparedStatement.executeUpdate(HikariProxyPreparedStatement.java) ~[HikariCP-6.3.3.jar:na]
	at org.hibernate.engine.jdbc.internal.ResultSetReturnImpl.executeUpdate(ResultSetReturnImpl.java:194) ~[hibernate-core-6.6.41.Final.jar:6.6.41.Final]
	... 75 common frames omitted

2026-02-23T18:14:42.216+07:00  INFO 512 --- [morphoaid-backend] [  restartedMain] o.s.b.w.e.tomcat.GracefulShutdown        : Commencing graceful shutdown. Waiting for active requests to complete
2026-02-23T18:14:42.226+07:00  INFO 512 --- [morphoaid-backend] [tomcat-shutdown] o.s.b.w.e.tomcat.GracefulShutdown        : Graceful shutdown complete
2026-02-23T18:14:42.230+07:00  INFO 512 --- [morphoaid-backend] [  restartedMain] j.LocalContainerEntityManagerFactoryBean : Closing JPA EntityManagerFactory for persistence unit 'default'
2026-02-23T18:14:42.232+07:00  INFO 512 --- [morphoaid-backend] [  restartedMain] com.zaxxer.hikari.HikariDataSource       : HikariPool-1 - Shutdown initiated...
2026-02-23T18:14:42.232+07:00 DEBUG 512 --- [morphoaid-backend] [  restartedMain] com.zaxxer.hikari.pool.HikariPool        : HikariPool-1 - Before shutdown stats (total=10/10, idle=10/10, active=0, waiting=0)
2026-02-23T18:14:42.232+07:00 DEBUG 512 --- [morphoaid-backend] [nnection-closer] com.zaxxer.hikari.pool.PoolBase          : HikariPool-1 - Closing connection com.mysql.cj.jdbc.ConnectionImpl@186a2b75: (connection evicted)
2026-02-23T18:14:42.235+07:00 DEBUG 512 --- [morphoaid-backend] [nnection-closer] com.zaxxer.hikari.pool.PoolBase          : HikariPool-1 - Closing connection com.mysql.cj.jdbc.ConnectionImpl@2e817df6: (connection evicted)
2026-02-23T18:14:42.235+07:00 DEBUG 512 --- [morphoaid-backend] [nnection-closer] com.zaxxer.hikari.pool.PoolBase          : HikariPool-1 - Closing connection com.mysql.cj.jdbc.ConnectionImpl@7bd26753: (connection evicted)
2026-02-23T18:14:42.235+07:00 DEBUG 512 --- [morphoaid-backend] [nnection-closer] com.zaxxer.hikari.pool.PoolBase          : HikariPool-1 - Closing connection com.mysql.cj.jdbc.ConnectionImpl@31d9533: (connection evicted)
2026-02-23T18:14:42.235+07:00 DEBUG 512 --- [morphoaid-backend] [nnection-closer] com.zaxxer.hikari.pool.PoolBase          : HikariPool-1 - Closing connection com.mysql.cj.jdbc.ConnectionImpl@67138edc: (connection evicted)
2026-02-23T18:14:42.236+07:00 DEBUG 512 --- [morphoaid-backend] [nnection-closer] com.zaxxer.hikari.pool.PoolBase          : HikariPool-1 - Closing connection com.mysql.cj.jdbc.ConnectionImpl@18193fb1: (connection evicted)
2026-02-23T18:14:42.236+07:00 DEBUG 512 --- [morphoaid-backend] [nnection-closer] com.zaxxer.hikari.pool.PoolBase          : HikariPool-1 - Closing connection com.mysql.cj.jdbc.ConnectionImpl@70c37961: (connection evicted)
2026-02-23T18:14:42.236+07:00 DEBUG 512 --- [morphoaid-backend] [nnection-closer] com.zaxxer.hikari.pool.PoolBase          : HikariPool-1 - Closing connection com.mysql.cj.jdbc.ConnectionImpl@429417cc: (connection evicted)
2026-02-23T18:14:42.236+07:00 DEBUG 512 --- [morphoaid-backend] [nnection-closer] com.zaxxer.hikari.pool.PoolBase          : HikariPool-1 - Closing connection com.mysql.cj.jdbc.ConnectionImpl@49570153: (connection evicted)
2026-02-23T18:14:42.237+07:00 DEBUG 512 --- [morphoaid-backend] [nnection-closer] com.zaxxer.hikari.pool.PoolBase          : HikariPool-1 - Closing connection com.mysql.cj.jdbc.ConnectionImpl@3212fdc1: (connection evicted)
2026-02-23T18:14:42.237+07:00 DEBUG 512 --- [morphoaid-backend] [  restartedMain] com.zaxxer.hikari.pool.HikariPool        : HikariPool-1 - After  shutdown stats (total=0/10, idle=0/10, active=0, waiting=0)
2026-02-23T18:14:42.237+07:00  INFO 512 --- [morphoaid-backend] [  restartedMain] com.zaxxer.hikari.HikariDataSource       : HikariPool-1 - Shutdown completed.
[INFO] ------------------------------------------------------------------------
[INFO] BUILD SUCCESS
[INFO] ------------------------------------------------------------------------
[INFO] Total time:  7.718 s
[INFO] Finished at: 2569-02-23T18:14:42+07:00
[INFO] ------------------------------------------------------------------------
